
Turn 3
================================================================
warning: entity 1 was directed to use 2 halite to move north, but only 0 halite was available
At command 1 of 2:
>>> 1   m 1 n
    2   g


Turn 5
================================================================
warning: entity 1 was directed to use 9 halite to move east, but only 6 halite was available
At command 1 of 3:
>>> 1   m 1 e
    2   m 3 e
    3   g

warning: entity 3 was directed to use 1 halite to move east, but only 0 halite was available
At command 2 of 3:
    1   m 1 e
>>> 2   m 3 e
    3   g


Turn 7
================================================================
warning: entity 4 was directed to use 3 halite to move north, but only 0 halite was available
At command 1 of 3:
>>> 1   m 4 n
    2   m 3 n
    3   m 1 w

warning: owned entities 3, 4 collided on cell (8, 15) as the result of moves on this turn
At command 2 of 3:
    1   m 4 n
>>> 2   m 3 n
    3   m 1 w


Turn 10
================================================================
warning: entity 7 was directed to use 3 halite to move south, but only 0 halite was available
At command 1 of 3:
>>> 1   m 7 s
    2   m 1 s
    3   g

warning: entity 1 was directed to use 7 halite to move south, but only 6 halite was available
At command 2 of 3:
    1   m 7 s
>>> 2   m 1 s
    3   g


Turn 12
================================================================
warning: entity 9 was directed to use 2 halite to move west, but only 0 halite was available
At command 2 of 3:
    1   m 1 e
>>> 2   m 9 w
    3   m 7 n


Turn 14
================================================================
warning: entity 1 was directed to use 9 halite to move east, but only 8 halite was available
At command 2 of 3:
    1   m 9 n
>>> 2   m 1 e
    3   m 7 e


Turn 15
================================================================
warning: entity 9 was directed to use 1 halite to move west, but only 0 halite was available
At command 1 of 3:
>>> 1   m 9 w
    2   m 7 n
    3   m 1 e


Turn 18
================================================================
warning: entity 9 was directed to use 14 halite to move east, but only 1 halite was available
At command 3 of 3:
    1   m 7 s
    2   m 1 w
>>> 3   m 9 e


Turn 19
================================================================
warning: entity 7 was directed to use 4 halite to move north, but only 0 halite was available
At command 1 of 3:
>>> 1   m 7 n
    2   m 1 n
    3   m 9 e

warning: entity 1 was directed to use 7 halite to move north, but only 5 halite was available
At command 2 of 3:
    1   m 7 n
>>> 2   m 1 n
    3   m 9 e


Turn 22
================================================================
warning: entity 9 was directed to use 3 halite to move south, but only 0 halite was available
At command 1 of 3:
>>> 1   m 9 s
    2   m 7 e
    3   m 1 w

warning: entity 1 was directed to use 21 halite to move west, but only 9 halite was available
At command 3 of 3:
    1   m 9 s
    2   m 7 e
>>> 3   m 1 w


Turn 23
================================================================
warning: entity 7 was directed to use 12 halite to move south, but only 5 halite was available
At command 1 of 3:
>>> 1   m 7 s
    2   m 9 s
    3   m 1 e


Turn 24
================================================================
warning: entity 9 was directed to use 11 halite to move north, but only 8 halite was available
At command 2 of 3:
    1   m 1 n
>>> 2   m 9 n
    3   m 7 e


Turn 27
================================================================
warning: entity 7 was directed to use 17 halite to move south, but only 9 halite was available
At command 2 of 3:
    1   m 9 n
>>> 2   m 7 s
    3   m 1 s


Turn 32
================================================================
warning: entity 7 was directed to use 16 halite to move north, but only 3 halite was available
At command 3 of 3:
    1   m 1 w
    2   m 9 w
>>> 3   m 7 n


Turn 33
================================================================
warning: entity 1 was directed to use 3 halite to move north, but only 0 halite was available
At command 1 of 3:
>>> 1   m 1 n
    2   m 9 n
    3   m 7 s


Turn 35
================================================================
warning: entity 9 was directed to use 7 halite to move east, but only 2 halite was available
At command 1 of 3:
>>> 1   m 9 e
    2   m 7 e
    3   m 1 n

warning: entity 1 was directed to use 14 halite to move north, but only 7 halite was available
At command 3 of 3:
    1   m 9 e
    2   m 7 e
>>> 3   m 1 n


Turn 38
================================================================
warning: entity 9 was directed to use 8 halite to move north, but only 3 halite was available
At command 2 of 3:
    1   m 7 e
>>> 2   m 9 n
    3   m 1 e


Turn 39
================================================================
warning: entity 7 was directed to use 6 halite to move south, but only 0 halite was available
At command 1 of 3:
>>> 1   m 7 s
    2   m 1 n
    3   m 9 s


Turn 40
================================================================
warning: entity 1 was directed to use 20 halite to move east, but only 14 halite was available
At command 1 of 3:
>>> 1   m 1 e
    2   m 9 e
    3   m 7 s


Turn 42
================================================================
warning: entity 9 was directed to use 2 halite to move north, but only 0 halite was available
At command 1 of 3:
>>> 1   m 9 n
    2   m 7 n
    3   m 1 w


Turn 43
================================================================
warning: entity 7 was directed to use 10 halite to move east, but only 2 halite was available
At command 1 of 3:
>>> 1   m 7 e
    2   m 1 n
    3   m 9 e


Turn 46
================================================================
warning: entity 7 was directed to use 16 halite to move east, but only 14 halite was available
At command 2 of 3:
    1   m 1 n
>>> 2   m 7 e
    3   m 9 s


Turn 47
================================================================
warning: entity 1 was directed to use 17 halite to move south, but only 7 halite was available
At command 1 of 3:
>>> 1   m 1 s
    2   m 9 n
    3   m 7 e


Turn 49
================================================================
warning: entity 9 was directed to use 9 halite to move north, but only 0 halite was available
At command 1 of 3:
>>> 1   m 9 n
    2   m 7 n
    3   m 1 e


Turn 51
================================================================
warning: entity 1 was directed to use 21 halite to move north, but only 17 halite was available
At command 2 of 3:
    1   m 7 n
>>> 2   m 1 n
    3   m 9 n


Turn 52
================================================================
warning: entity 7 was directed to use 7 halite to move east, but only 2 halite was available
At command 1 of 3:
>>> 1   m 7 e
    2   m 9 n
    3   m 1 n


Turn 54
================================================================
warning: entity 1 was directed to use 31 halite to move north, but only 30 halite was available
At command 2 of 3:
    1   m 9 s
>>> 2   m 1 n
    3   m 7 e


Turn 55
================================================================
warning: entity 7 was directed to use 12 halite to move north, but only 2 halite was available
At command 2 of 3:
    1   m 9 w
>>> 2   m 7 n
    3   m 1 s


Turn 59
================================================================
warning: entity 9 was directed to use 5 halite to move east, but only 2 halite was available
At command 1 of 3:
>>> 1   m 9 e
    2   m 7 s
    3   m 1 n

warning: entity 7 was directed to use 2 halite to move south, but only 1 halite was available
At command 2 of 3:
    1   m 9 e
>>> 2   m 7 s
    3   m 1 n

warning: entity 1 was directed to use 44 halite to move north, but only 21 halite was available
At command 3 of 3:
    1   m 9 e
    2   m 7 s
>>> 3   m 1 n


Turn 63
================================================================
warning: entity 9 was directed to use 13 halite to move west, but only 5 halite was available
At command 3 of 3:
    1   m 7 w
    2   m 1 n
>>> 3   m 9 w


Turn 64
================================================================
warning: entity 7 was directed to use 3 halite to move north, but only 1 halite was available
At command 1 of 3:
>>> 1   m 7 n
    2   m 1 n
    3   m 9 w


Turn 66
================================================================
warning: entity 1 was directed to use 23 halite to move north, but only 7 halite was available
At command 1 of 3:
>>> 1   m 1 n
    2   m 9 n
    3   m 7 e

warning: entity 7 was directed to use 9 halite to move east, but only 7 halite was available
At command 3 of 3:
    1   m 1 n
    2   m 9 n
>>> 3   m 7 e


Turn 71
================================================================
warning: entity 7 was directed to use 7 halite to move south, but only 1 halite was available
At command 1 of 3:
>>> 1   m 7 s
    2   m 9 e
    3   m 1 w

warning: entity 1 was directed to use 8 halite to move west, but only 3 halite was available
At command 3 of 3:
    1   m 7 s
    2   m 9 e
>>> 3   m 1 w


Turn 73
================================================================
warning: entity 9 was directed to use 5 halite to move east, but only 1 halite was available
At command 3 of 3:
    1   m 7 e
    2   m 1 w
>>> 3   m 9 e


Turn 74
================================================================
warning: entity 1 was directed to use 6 halite to move south, but only 4 halite was available
At command 2 of 3:
    1   m 7 w
>>> 2   m 1 s
    3   m 9 w


Turn 76
================================================================
warning: entity 9 was directed to use 4 halite to move south, but only 3 halite was available
At command 2 of 3:
    1   m 7 w
>>> 2   m 9 s
    3   m 1 w


Turn 77
================================================================
warning: entity 7 was directed to use 14 halite to move south, but only 3 halite was available
At command 1 of 3:
>>> 1   m 7 s
    2   m 1 s
    3   m 9 w

warning: entity 1 was directed to use 4 halite to move south, but only 1 halite was available
At command 2 of 3:
    1   m 7 s
>>> 2   m 1 s
    3   m 9 w


Turn 79
================================================================
warning: entity 9 was directed to use 6 halite to move east, but only 2 halite was available
At command 1 of 3:
>>> 1   m 9 e
    2   m 7 w
    3   m 1 e


Turn 80
================================================================
warning: entity 1 was directed to use 3 halite to move north, but only 0 halite was available
At command 2 of 3:
    1   m 7 e
>>> 2   m 1 n
    3   m 9 w


Turn 81
================================================================
warning: entity 7 was directed to use 9 halite to move east, but only 7 halite was available
At command 1 of 3:
>>> 1   m 7 e
    2   m 9 w
    3   m 1 e


Turn 82
================================================================
warning: entity 1 was directed to use 15 halite to move east, but only 7 halite was available
At command 2 of 3:
    1   m 9 n
>>> 2   m 1 e
    3   m 7 s


Turn 83
================================================================
warning: entity 9 was directed to use 27 halite to move south, but only 4 halite was available
At command 1 of 3:
>>> 1   m 9 s
    2   m 7 w
    3   m 1 e


Turn 86
================================================================
warning: entity 7 was directed to use 7 halite to move east, but only 2 halite was available
At command 3 of 3:
    1   m 1 n
    2   m 9 e
>>> 3   m 7 e


Turn 87
================================================================
warning: entity 1 was directed to use 11 halite to move east, but only 0 halite was available
At command 1 of 3:
>>> 1   m 1 e
    2   m 9 e
    3   m 7 e


Turn 88
================================================================
warning: entity 7 was directed to use 17 halite to move west, but only 15 halite was available
At command 2 of 3:
    1   m 9 n
>>> 2   m 7 w
    3   m 1 s

warning: owned entities 9, 1 collided on cell (6, 9) as the result of moves on this turn
At command 1 of 3:
>>> 1   m 9 n
    2   m 7 w
    3   m 1 s

Other commands that placed an entity on this cell:
    1   m 9 n
    2   m 7 w
>>> 3   m 1 s


Turn 92
================================================================
warning: entity 7 was directed to use 25 halite to move south, but only 14 halite was available
At command 1 of 1:
>>> 1   m 7 s


Turn 98
================================================================
warning: entity 7 was directed to use 15 halite to move east, but only 10 halite was available
At command 1 of 1:
>>> 1   m 7 e


Turn 102
================================================================
warning: entity 7 was directed to use 11 halite to move south, but only 0 halite was available
At command 1 of 1:
>>> 1   m 7 s


Turn 106
================================================================
warning: entity 7 was directed to use 8 halite to move south, but only 5 halite was available
At command 1 of 1:
>>> 1   m 7 s


Turn 110
================================================================
warning: entity 7 was directed to use 19 halite to move west, but only 1 halite was available
At command 1 of 1:
>>> 1   m 7 w


Turn 115
================================================================
warning: entity 7 was directed to use 5 halite to move north, but only 1 halite was available
At command 1 of 1:
>>> 1   m 7 n


Turn 117
================================================================
warning: entity 7 was directed to use 13 halite to move north, but only 11 halite was available
At command 1 of 1:
>>> 1   m 7 n


Turn 127
================================================================
warning: entity 7 was directed to use 7 halite to move west, but only 6 halite was available
At command 1 of 1:
>>> 1   m 7 w


Turn 134
================================================================
warning: entity 7 was directed to use 11 halite to move west, but only 9 halite was available
At command 1 of 1:
>>> 1   m 7 w


Turn 146
================================================================
warning: entity 7 was directed to use 8 halite to move east, but only 6 halite was available
At command 1 of 1:
>>> 1   m 7 e


Turn 153
================================================================
warning: entity 7 was directed to use 6 halite to move south, but only 2 halite was available
At command 1 of 1:
>>> 1   m 7 s


Turn 157
================================================================
warning: entity 7 was directed to use 20 halite to move north, but only 5 halite was available
At command 1 of 1:
>>> 1   m 7 n


Turn 162
================================================================
warning: entity 7 was directed to use 15 halite to move east, but only 7 halite was available
At command 1 of 1:
>>> 1   m 7 e


Turn 167
================================================================
warning: entity 7 was directed to use 14 halite to move west, but only 1 halite was available
At command 1 of 1:
>>> 1   m 7 w


Turn 170
================================================================
warning: entity 7 was directed to use 16 halite to move west, but only 15 halite was available
At command 1 of 1:
>>> 1   m 7 w


Turn 179
================================================================
warning: entity 7 was directed to use 9 halite to move east, but only 5 halite was available
At command 1 of 1:
>>> 1   m 7 e


Turn 182
================================================================
warning: entity 7 was directed to use 3 halite to move north, but only 1 halite was available
At command 1 of 1:
>>> 1   m 7 n


Turn 185
================================================================
warning: entity 7 was directed to use 7 halite to move west, but only 5 halite was available
At command 1 of 1:
>>> 1   m 7 w


Turn 188
================================================================
warning: entity 7 was directed to use 12 halite to move south, but only 11 halite was available
At command 1 of 1:
>>> 1   m 7 s


Turn 194
================================================================
warning: entity 7 was directed to use 21 halite to move north, but only 6 halite was available
At command 1 of 1:
>>> 1   m 7 n


Turn 202
================================================================
warning: entity 7 was directed to use 9 halite to move south, but only 1 halite was available
At command 1 of 1:
>>> 1   m 7 s


Turn 206
================================================================
warning: entity 7 was directed to use 11 halite to move north, but only 7 halite was available
At command 1 of 1:
>>> 1   m 7 n


Turn 212
================================================================
warning: entity 7 was directed to use 12 halite to move south, but only 0 halite was available
At command 1 of 1:
>>> 1   m 7 s


Turn 217
================================================================
warning: entity 7 was directed to use 9 halite to move north, but only 0 halite was available
At command 1 of 1:
>>> 1   m 7 n


Turn 221
================================================================
warning: entity 7 was directed to use 9 halite to move west, but only 1 halite was available
At command 1 of 1:
>>> 1   m 7 w


Turn 226
================================================================
warning: entity 7 was directed to use 8 halite to move north, but only 1 halite was available
At command 1 of 1:
>>> 1   m 7 n


Turn 230
================================================================
warning: entity 7 was directed to use 6 halite to move south, but only 5 halite was available
At command 1 of 1:
>>> 1   m 7 s


Turn 234
================================================================
warning: entity 7 was directed to use 14 halite to move west, but only 5 halite was available
At command 1 of 1:
>>> 1   m 7 w


Turn 236
================================================================
warning: entity 7 was directed to use 50 halite to move north, but only 31 halite was available
At command 1 of 1:
>>> 1   m 7 n


Turn 242
================================================================
warning: entity 7 was directed to use 30 halite to move south, but only 23 halite was available
At command 1 of 1:
>>> 1   m 7 s


Turn 246
================================================================
warning: entity 7 was directed to use 21 halite to move west, but only 15 halite was available
At command 1 of 1:
>>> 1   m 7 w


Turn 250
================================================================
warning: entity 7 was directed to use 22 halite to move east, but only 2 halite was available
At command 1 of 1:
>>> 1   m 7 e


Turn 254
================================================================
warning: entity 7 was directed to use 22 halite to move west, but only 9 halite was available
At command 1 of 1:
>>> 1   m 7 w


Turn 258
================================================================
warning: entity 7 was directed to use 30 halite to move east, but only 17 halite was available
At command 1 of 1:
>>> 1   m 7 e


Turn 263
================================================================
warning: entity 7 was directed to use 44 halite to move north, but only 21 halite was available
At command 1 of 1:
>>> 1   m 7 n


Turn 269
================================================================
warning: entity 7 was directed to use 7 halite to move west, but only 2 halite was available
At command 1 of 1:
>>> 1   m 7 w


Turn 272
================================================================
warning: entity 7 was directed to use 12 halite to move east, but only 10 halite was available
At command 1 of 1:
>>> 1   m 7 e


Turn 280
================================================================
warning: entity 7 was directed to use 8 halite to move west, but only 6 halite was available
At command 1 of 1:
>>> 1   m 7 w


Turn 286
================================================================
warning: entity 7 was directed to use 16 halite to move east, but only 2 halite was available
At command 1 of 1:
>>> 1   m 7 e


Turn 291
================================================================
warning: entity 7 was directed to use 3 halite to move north, but only 1 halite was available
At command 1 of 1:
>>> 1   m 7 n


Turn 293
================================================================
warning: entity 7 was directed to use 20 halite to move south, but only 9 halite was available
At command 1 of 1:
>>> 1   m 7 s


Turn 301
================================================================
warning: entity 7 was directed to use 15 halite to move east, but only 12 halite was available
At command 1 of 1:
>>> 1   m 7 e


Turn 310
================================================================
warning: entity 7 was directed to use 5 halite to move west, but only 4 halite was available
At command 1 of 1:
>>> 1   m 7 w


Turn 315
================================================================
warning: entity 7 was directed to use 8 halite to move north, but only 3 halite was available
At command 1 of 1:
>>> 1   m 7 n


Turn 324
================================================================
warning: entity 7 was directed to use 11 halite to move south, but only 1 halite was available
At command 1 of 1:
>>> 1   m 7 s


Turn 328
================================================================
warning: entity 7 was directed to use 8 halite to move north, but only 3 halite was available
At command 1 of 1:
>>> 1   m 7 n


Turn 331
================================================================
warning: entity 7 was directed to use 12 halite to move west, but only 10 halite was available
At command 1 of 1:
>>> 1   m 7 w


Turn 339
================================================================
warning: entity 7 was directed to use 5 halite to move east, but only 2 halite was available
At command 1 of 1:
>>> 1   m 7 e


Turn 343
================================================================
warning: entity 7 was directed to use 5 halite to move south, but only 4 halite was available
At command 1 of 1:
>>> 1   m 7 s


Turn 349
================================================================
warning: entity 7 was directed to use 4 halite to move east, but only 1 halite was available
At command 1 of 1:
>>> 1   m 7 e


Turn 353
================================================================
warning: entity 7 was directed to use 8 halite to move west, but only 6 halite was available
At command 1 of 1:
>>> 1   m 7 w


Turn 357
================================================================
warning: entity 7 was directed to use 13 halite to move north, but only 12 halite was available
At command 1 of 1:
>>> 1   m 7 n


Turn 365
================================================================
warning: entity 7 was directed to use 5 halite to move north, but only 1 halite was available
At command 1 of 1:
>>> 1   m 7 n


Turn 369
================================================================
warning: entity 7 was directed to use 4 halite to move south, but only 1 halite was available
At command 1 of 1:
>>> 1   m 7 s


Turn 371
================================================================
warning: entity 7 was directed to use 23 halite to move east, but only 9 halite was available
At command 1 of 1:
>>> 1   m 7 e


Turn 377
================================================================
warning: entity 7 was directed to use 17 halite to move west, but only 1 halite was available
At command 1 of 1:
>>> 1   m 7 w


Turn 381
================================================================
warning: entity 7 was directed to use 20 halite to move north, but only 7 halite was available
At command 1 of 1:
>>> 1   m 7 n


Turn 388
================================================================
warning: entity 7 was directed to use 7 halite to move west, but only 6 halite was available
At command 1 of 1:
>>> 1   m 7 w


Turn 391
================================================================
warning: entity 7 was directed to use 17 halite to move south, but only 16 halite was available
At command 1 of 1:
>>> 1   m 7 s


Turn 396
================================================================
warning: entity 7 was directed to use 8 halite to move south, but only 4 halite was available
At command 1 of 1:
>>> 1   m 7 s


Turn 400
================================================================
warning: entity 7 was directed to use 12 halite to move north, but only 11 halite was available
At command 1 of 1:
>>> 1   m 7 n

