
Turn 3
================================================================
warning: entity 0 was directed to use 1 halite to move north, but only 0 halite was available
At command 1 of 2:
>>> 1   m 0 n
    2   g


Turn 5
================================================================
warning: entity 2 was directed to use 1 halite to move north, but only 0 halite was available
At command 2 of 3:
    1   m 0 e
>>> 2   m 2 n
    3   g


Turn 7
================================================================
warning: entity 4 was directed to use 1 halite to move east, but only 0 halite was available
At command 2 of 3:
    1   m 2 n
>>> 2   m 4 e
    3   m 0 n

warning: owned entities 2, 4 collided on cell (23, 15) as the result of moves on this turn
At command 1 of 3:
>>> 1   m 2 n
    2   m 4 e
    3   m 0 n


Turn 8
================================================================
warning: entity 0 was directed to use 3 halite to move west, but only 0 halite was available
At command 1 of 2:
>>> 1   m 0 w
    2   g


Turn 10
================================================================
warning: entity 6 was directed to use 2 halite to move west, but only 0 halite was available
At command 2 of 3:
    1   m 0 w
>>> 2   m 6 w
    3   g


Turn 11
================================================================
warning: entity 0 was directed to use 8 halite to move north, but only 5 halite was available
At command 2 of 3:
    1   m 8 w
>>> 2   m 0 n
    3   m 6 s


Turn 12
================================================================
warning: entity 6 was directed to use 7 halite to move south, but only 5 halite was available
At command 1 of 3:
>>> 1   m 6 s
    2   m 8 n
    3   m 0 n

warning: entity 8 was directed to use 1 halite to move north, but only 0 halite was available
At command 2 of 3:
    1   m 6 s
>>> 2   m 8 n
    3   m 0 n


Turn 13
================================================================
warning: entity 0 was directed to use 25 halite to move north, but only 21 halite was available
At command 1 of 3:
>>> 1   m 0 n
    2   m 6 n
    3   m 8 e


Turn 15
================================================================
warning: entity 8 was directed to use 2 halite to move north, but only 0 halite was available
At command 2 of 3:
    1   m 6 e
>>> 2   m 8 n
    3   m 0 e


Turn 18
================================================================
warning: entity 0 was directed to use 14 halite to move east, but only 1 halite was available
At command 1 of 3:
>>> 1   m 0 e
    2   m 6 n
    3   m 8 s

warning: owned entities 6, 8 collided on cell (24, 17) as the result of moves on this turn
At command 2 of 3:
    1   m 0 e
>>> 2   m 6 n
    3   m 8 s

Other commands that placed an entity on this cell:
    1   m 0 e
    2   m 6 n
>>> 3   m 8 s


Turn 21
================================================================
warning: entity 0 was directed to use 10 halite to move south, but only 5 halite was available
At command 1 of 1:
>>> 1   m 0 s


Turn 24
================================================================
warning: entity 0 was directed to use 18 halite to move north, but only 3 halite was available
At command 1 of 1:
>>> 1   m 0 n


Turn 28
================================================================
warning: entity 0 was directed to use 22 halite to move north, but only 6 halite was available
At command 1 of 1:
>>> 1   m 0 n


Turn 30
================================================================
warning: entity 0 was directed to use 52 halite to move west, but only 45 halite was available
At command 1 of 1:
>>> 1   m 0 w


Turn 35
================================================================
warning: entity 0 was directed to use 46 halite to move west, but only 44 halite was available
At command 1 of 1:
>>> 1   m 0 w


Turn 47
================================================================
warning: entity 0 was directed to use 7 halite to move east, but only 2 halite was available
At command 1 of 1:
>>> 1   m 0 e


Turn 55
================================================================
warning: entity 0 was directed to use 2 halite to move west, but only 1 halite was available
At command 1 of 1:
>>> 1   m 0 w


Turn 58
================================================================
warning: entity 0 was directed to use 11 halite to move east, but only 3 halite was available
At command 1 of 1:
>>> 1   m 0 e


Turn 65
================================================================
warning: entity 0 was directed to use 3 halite to move east, but only 1 halite was available
At command 1 of 1:
>>> 1   m 0 e


Turn 69
================================================================
warning: entity 0 was directed to use 12 halite to move east, but only 2 halite was available
At command 1 of 1:
>>> 1   m 0 e


Turn 76
================================================================
warning: entity 0 was directed to use 1 halite to move north, but only 0 halite was available
At command 1 of 1:
>>> 1   m 0 n


Turn 78
================================================================
warning: entity 0 was directed to use 8 halite to move east, but only 3 halite was available
At command 1 of 1:
>>> 1   m 0 e


Turn 88
================================================================
warning: entity 0 was directed to use 1 halite to move north, but only 0 halite was available
At command 1 of 1:
>>> 1   m 0 n


Turn 90
================================================================
warning: entity 0 was directed to use 19 halite to move east, but only 4 halite was available
At command 1 of 1:
>>> 1   m 0 e


Turn 97
================================================================
warning: entity 0 was directed to use 16 halite to move east, but only 8 halite was available
At command 1 of 1:
>>> 1   m 0 e


Turn 106
================================================================
warning: entity 0 was directed to use 9 halite to move north, but only 1 halite was available
At command 1 of 1:
>>> 1   m 0 n


Turn 109
================================================================
warning: entity 0 was directed to use 6 halite to move east, but only 3 halite was available
At command 1 of 1:
>>> 1   m 0 e


Turn 115
================================================================
warning: entity 0 was directed to use 6 halite to move east, but only 2 halite was available
At command 1 of 1:
>>> 1   m 0 e


Turn 122
================================================================
warning: entity 0 was directed to use 3 halite to move south, but only 0 halite was available
At command 1 of 1:
>>> 1   m 0 s


Turn 126
================================================================
warning: entity 0 was directed to use 9 halite to move east, but only 5 halite was available
At command 1 of 1:
>>> 1   m 0 e


Turn 135
================================================================
warning: entity 0 was directed to use 2 halite to move north, but only 1 halite was available
At command 1 of 1:
>>> 1   m 0 n


Turn 141
================================================================
warning: entity 0 was directed to use 6 halite to move west, but only 0 halite was available
At command 1 of 1:
>>> 1   m 0 w


Turn 147
================================================================
warning: entity 0 was directed to use 7 halite to move north, but only 3 halite was available
At command 1 of 1:
>>> 1   m 0 n


Turn 151
================================================================
warning: entity 0 was directed to use 2 halite to move east, but only 1 halite was available
At command 1 of 1:
>>> 1   m 0 e


Turn 156
================================================================
warning: entity 0 was directed to use 4 halite to move north, but only 0 halite was available
At command 1 of 1:
>>> 1   m 0 n


Turn 158
================================================================
warning: entity 0 was directed to use 15 halite to move west, but only 9 halite was available
At command 1 of 1:
>>> 1   m 0 w


Turn 167
================================================================
warning: entity 0 was directed to use 5 halite to move west, but only 0 halite was available
At command 1 of 1:
>>> 1   m 0 w


Turn 172
================================================================
warning: entity 0 was directed to use 6 halite to move west, but only 4 halite was available
At command 1 of 1:
>>> 1   m 0 w


Turn 176
================================================================
warning: entity 0 was directed to use 12 halite to move west, but only 6 halite was available
At command 1 of 1:
>>> 1   m 0 w


Turn 180
================================================================
warning: entity 0 was directed to use 14 halite to move west, but only 7 halite was available
At command 1 of 1:
>>> 1   m 0 w


Turn 189
================================================================
warning: entity 0 was directed to use 12 halite to move west, but only 2 halite was available
At command 1 of 1:
>>> 1   m 0 w


Turn 193
================================================================
warning: entity 0 was directed to use 15 halite to move east, but only 14 halite was available
At command 1 of 1:
>>> 1   m 0 e


Turn 200
================================================================
warning: entity 0 was directed to use 10 halite to move north, but only 7 halite was available
At command 1 of 1:
>>> 1   m 0 n


Turn 205
================================================================
warning: entity 0 was directed to use 16 halite to move east, but only 1 halite was available
At command 1 of 1:
>>> 1   m 0 e

