
Turn 3
================================================================
warning: entity 1 was directed to use 1 halite to move west, but only 0 halite was available
At command 1 of 2:
>>> 1   m 1 w
    2   g


Turn 5
================================================================
warning: entity 3 was directed to use 2 halite to move south, but only 0 halite was available
At command 1 of 3:
>>> 1   m 3 s
    2   m 1 s
    3   g


Turn 6
================================================================
warning: entity 1 was directed to use 3 halite to move north, but only 2 halite was available
At command 3 of 3:
    1   m 5 s
    2   m 3 w
>>> 3   m 1 n


Turn 7
================================================================
warning: owned entities 5, 1 collided on cell (8, 18) as the result of moves on this turn
At command 1 of 3:
>>> 1   m 5 s
    2   m 3 e
    3   m 1 n

Other commands that placed an entity on this cell:
    1   m 5 s
    2   m 3 e
>>> 3   m 1 n


Turn 8
================================================================
warning: entity 3 was directed to use 1 halite to move south, but only 0 halite was available
At command 1 of 2:
>>> 1   m 3 s
    2   g


Turn 10
================================================================
warning: entity 7 was directed to use 1 halite to move north, but only 0 halite was available
At command 1 of 3:
>>> 1   m 7 n
    2   m 3 w
    3   g

warning: entity 3 was directed to use 11 halite to move west, but only 4 halite was available
At command 2 of 3:
    1   m 7 n
>>> 2   m 3 w
    3   g


Turn 12
================================================================
warning: entity 9 was directed to use 1 halite to move south, but only 0 halite was available
At command 2 of 3:
    1   m 7 n
>>> 2   m 9 s
    3   m 3 e


Turn 15
================================================================
warning: entity 7 was directed to use 1 halite to move east, but only 0 halite was available
At command 3 of 3:
    1   m 9 n
    2   m 3 w
>>> 3   m 7 e


Turn 18
================================================================
warning: entity 9 was directed to use 1 halite to move north, but only 0 halite was available
At command 1 of 3:
>>> 1   m 9 n
    2   m 3 n
    3   m 7 w

warning: entity 3 was directed to use 7 halite to move north, but only 5 halite was available
At command 2 of 3:
    1   m 9 n
>>> 2   m 3 n
    3   m 7 w

warning: entity 7 was directed to use 2 halite to move west, but only 0 halite was available
At command 3 of 3:
    1   m 9 n
    2   m 3 n
>>> 3   m 7 w


Turn 21
================================================================
warning: entity 9 was directed to use 3 halite to move south, but only 2 halite was available
At command 1 of 3:
>>> 1   m 9 s
    2   m 7 w
    3   m 3 s

warning: entity 7 was directed to use 1 halite to move west, but only 0 halite was available
At command 2 of 3:
    1   m 9 s
>>> 2   m 7 w
    3   m 3 s


Turn 23
================================================================
warning: entity 7 was directed to use 6 halite to move north, but only 4 halite was available
At command 3 of 3:
    1   m 3 e
    2   m 9 s
>>> 3   m 7 n


Turn 25
================================================================
warning: owned entities 3, 7 collided on cell (8, 16) as the result of moves on this turn
At command 2 of 3:
    1   m 9 s
>>> 2   m 3 n
    3   m 7 s

Other commands that placed an entity on this cell:
    1   m 9 s
    2   m 3 n
>>> 3   m 7 s


Turn 28
================================================================
warning: entity 9 was directed to use 4 halite to move west, but only 2 halite was available
At command 1 of 1:
>>> 1   m 9 w


Turn 32
================================================================
warning: entity 9 was directed to use 2 halite to move south, but only 1 halite was available
At command 1 of 1:
>>> 1   m 9 s


Turn 35
================================================================
warning: entity 9 was directed to use 12 halite to move east, but only 4 halite was available
At command 1 of 1:
>>> 1   m 9 e


Turn 40
================================================================
warning: entity 9 was directed to use 6 halite to move east, but only 3 halite was available
At command 1 of 1:
>>> 1   m 9 e


Turn 45
================================================================
warning: entity 9 was directed to use 4 halite to move west, but only 2 halite was available
At command 1 of 1:
>>> 1   m 9 w


Turn 49
================================================================
warning: entity 9 was directed to use 18 halite to move east, but only 6 halite was available
At command 1 of 1:
>>> 1   m 9 e


Turn 52
================================================================
warning: entity 9 was directed to use 23 halite to move west, but only 8 halite was available
At command 1 of 1:
>>> 1   m 9 w


Turn 56
================================================================
warning: entity 9 was directed to use 20 halite to move east, but only 0 halite was available
At command 1 of 1:
>>> 1   m 9 e


Turn 59
================================================================
warning: entity 9 was directed to use 31 halite to move north, but only 27 halite was available
At command 1 of 1:
>>> 1   m 9 n


Turn 63
================================================================
warning: entity 9 was directed to use 38 halite to move east, but only 21 halite was available
At command 1 of 1:
>>> 1   m 9 e


Turn 74
================================================================
warning: entity 9 was directed to use 6 halite to move east, but only 5 halite was available
At command 1 of 1:
>>> 1   m 9 e


Turn 81
================================================================
warning: entity 9 was directed to use 3 halite to move south, but only 0 halite was available
At command 1 of 1:
>>> 1   m 9 s


Turn 85
================================================================
warning: entity 9 was directed to use 9 halite to move south, but only 2 halite was available
At command 1 of 1:
>>> 1   m 9 s


Turn 88
================================================================
warning: entity 9 was directed to use 23 halite to move west, but only 6 halite was available
At command 1 of 1:
>>> 1   m 9 w


Turn 91
================================================================
warning: entity 9 was directed to use 38 halite to move west, but only 19 halite was available
At command 1 of 1:
>>> 1   m 9 w


Turn 96
================================================================
warning: entity 9 was directed to use 23 halite to move north, but only 16 halite was available
At command 1 of 1:
>>> 1   m 9 n


Turn 104
================================================================
warning: entity 9 was directed to use 7 halite to move east, but only 1 halite was available
At command 1 of 1:
>>> 1   m 9 e


Turn 107
================================================================
warning: entity 9 was directed to use 10 halite to move north, but only 3 halite was available
At command 1 of 1:
>>> 1   m 9 n


Turn 111
================================================================
warning: entity 9 was directed to use 12 halite to move north, but only 3 halite was available
At command 1 of 1:
>>> 1   m 9 n


Turn 115
================================================================
warning: entity 9 was directed to use 12 halite to move south, but only 5 halite was available
At command 1 of 1:
>>> 1   m 9 s


Turn 120
================================================================
warning: entity 9 was directed to use 9 halite to move east, but only 1 halite was available
At command 1 of 1:
>>> 1   m 9 e


Turn 123
================================================================
warning: entity 9 was directed to use 13 halite to move south, but only 8 halite was available
At command 1 of 1:
>>> 1   m 9 s


Turn 128
================================================================
warning: entity 9 was directed to use 16 halite to move west, but only 4 halite was available
At command 1 of 1:
>>> 1   m 9 w


Turn 134
================================================================
warning: entity 9 was directed to use 13 halite to move south, but only 2 halite was available
At command 1 of 1:
>>> 1   m 9 s


Turn 138
================================================================
warning: entity 9 was directed to use 20 halite to move west, but only 18 halite was available
At command 1 of 1:
>>> 1   m 9 w


Turn 145
================================================================
warning: entity 9 was directed to use 6 halite to move west, but only 5 halite was available
At command 1 of 1:
>>> 1   m 9 w


Turn 149
================================================================
warning: entity 9 was directed to use 10 halite to move east, but only 1 halite was available
At command 1 of 1:
>>> 1   m 9 e


Turn 153
================================================================
warning: entity 9 was directed to use 12 halite to move south, but only 3 halite was available
At command 1 of 1:
>>> 1   m 9 s


Turn 157
================================================================
warning: entity 9 was directed to use 11 halite to move west, but only 5 halite was available
At command 1 of 1:
>>> 1   m 9 w


Turn 164
================================================================
warning: entity 9 was directed to use 8 halite to move west, but only 1 halite was available
At command 1 of 1:
>>> 1   m 9 w


Turn 167
================================================================
warning: entity 9 was directed to use 6 halite to move north, but only 2 halite was available
At command 1 of 1:
>>> 1   m 9 n


Turn 171
================================================================
warning: entity 9 was directed to use 8 halite to move west, but only 3 halite was available
At command 1 of 1:
>>> 1   m 9 w


Turn 176
================================================================
warning: entity 9 was directed to use 6 halite to move north, but only 1 halite was available
At command 1 of 1:
>>> 1   m 9 n


Turn 179
================================================================
warning: entity 9 was directed to use 9 halite to move north, but only 4 halite was available
At command 1 of 1:
>>> 1   m 9 n


Turn 183
================================================================
warning: entity 9 was directed to use 6 halite to move north, but only 2 halite was available
At command 1 of 1:
>>> 1   m 9 n


Turn 186
================================================================
warning: entity 9 was directed to use 3 halite to move north, but only 2 halite was available
At command 1 of 1:
>>> 1   m 9 n


Turn 191
================================================================
warning: entity 9 was directed to use 3 halite to move east, but only 1 halite was available
At command 1 of 1:
>>> 1   m 9 e


Turn 196
================================================================
warning: entity 9 was directed to use 4 halite to move west, but only 1 halite was available
At command 1 of 1:
>>> 1   m 9 w


Turn 198
================================================================
warning: entity 9 was directed to use 12 halite to move east, but only 9 halite was available
At command 1 of 1:
>>> 1   m 9 e


Turn 205
================================================================
warning: entity 9 was directed to use 11 halite to move east, but only 4 halite was available
At command 1 of 1:
>>> 1   m 9 e

