
Turn 3
================================================================
warning: entity 1 was directed to use 13 halite to move east, but only 0 halite was available
At command 1 of 2:
>>> 1   m 1 e
    2   g


Turn 5
================================================================
warning: entity 3 was directed to use 16 halite to move north, but only 0 halite was available
At command 2 of 2:
    1   m 1 w
>>> 2   m 3 n


Turn 6
================================================================
warning: entity 1 was directed to use 25 halite to move south, but only 0 halite was available
At command 1 of 3:
>>> 1   m 1 s
    2   m 3 e
    3   g


Turn 8
================================================================
warning: entity 5 was directed to use 10 halite to move south, but only 0 halite was available
At command 2 of 3:
    1   m 3 n
>>> 2   m 5 s
    3   m 1 n

warning: owned entities 1, 5 collided on cell (8, 15) as the result of moves on this turn
At command 3 of 3:
    1   m 3 n
    2   m 5 s
>>> 3   m 1 n


Turn 9
================================================================
warning: entity 3 was directed to use 12 halite to move east, but only 9 halite was available
At command 1 of 2:
>>> 1   m 3 e
    2   g


Turn 11
================================================================
warning: entity 7 was directed to use 12 halite to move west, but only 0 halite was available
At command 1 of 3:
>>> 1   m 7 w
    2   m 3 w
    3   g

warning: spawn on cell (8, 16) collided with owned entity 3 on that cell
At command 3 of 3:
    1   m 7 w
    2   m 3 w
>>> 3   g


Turn 14
================================================================
warning: entity 7 was directed to use 9 halite to move east, but only 0 halite was available
At command 1 of 1:
>>> 1   m 7 e


Turn 17
================================================================
warning: entity 7 was directed to use 17 halite to move east, but only 1 halite was available
At command 1 of 1:
>>> 1   m 7 e


Turn 19
================================================================
warning: entity 7 was directed to use 37 halite to move east, but only 33 halite was available
At command 1 of 1:
>>> 1   m 7 e


Turn 29
================================================================
warning: entity 7 was directed to use 16 halite to move west, but only 5 halite was available
At command 1 of 1:
>>> 1   m 7 w


Turn 32
================================================================
warning: entity 7 was directed to use 29 halite to move south, but only 23 halite was available
At command 1 of 1:
>>> 1   m 7 s


Turn 38
================================================================
warning: entity 7 was directed to use 16 halite to move north, but only 12 halite was available
At command 1 of 1:
>>> 1   m 7 n


Turn 43
================================================================
warning: entity 7 was directed to use 7 halite to move south, but only 6 halite was available
At command 1 of 1:
>>> 1   m 7 s


Turn 47
================================================================
warning: entity 7 was directed to use 16 halite to move south, but only 0 halite was available
At command 1 of 1:
>>> 1   m 7 s


Turn 50
================================================================
warning: entity 7 was directed to use 26 halite to move south, but only 11 halite was available
At command 1 of 1:
>>> 1   m 7 s


Turn 55
================================================================
warning: entity 7 was directed to use 20 halite to move north, but only 14 halite was available
At command 1 of 1:
>>> 1   m 7 n


Turn 59
================================================================
warning: entity 7 was directed to use 44 halite to move north, but only 27 halite was available
At command 1 of 1:
>>> 1   m 7 n


Turn 66
================================================================
warning: entity 7 was directed to use 33 halite to move west, but only 30 halite was available
At command 1 of 1:
>>> 1   m 7 w


Turn 74
================================================================
warning: entity 7 was directed to use 12 halite to move north, but only 3 halite was available
At command 1 of 1:
>>> 1   m 7 n


Turn 77
================================================================
warning: entity 7 was directed to use 12 halite to move south, but only 0 halite was available
At command 1 of 1:
>>> 1   m 7 s


Turn 80
================================================================
warning: entity 7 was directed to use 25 halite to move north, but only 4 halite was available
At command 1 of 1:
>>> 1   m 7 n


Turn 86
================================================================
warning: entity 7 was directed to use 14 halite to move west, but only 9 halite was available
At command 1 of 1:
>>> 1   m 7 w


Turn 90
================================================================
warning: entity 7 was directed to use 17 halite to move south, but only 8 halite was available
At command 1 of 1:
>>> 1   m 7 s


Turn 96
================================================================
warning: entity 7 was directed to use 11 halite to move north, but only 1 halite was available
At command 1 of 1:
>>> 1   m 7 n


Turn 100
================================================================
warning: entity 7 was directed to use 16 halite to move west, but only 4 halite was available
At command 1 of 1:
>>> 1   m 7 w


Turn 105
================================================================
warning: entity 7 was directed to use 15 halite to move west, but only 5 halite was available
At command 1 of 1:
>>> 1   m 7 w


Turn 109
================================================================
warning: entity 7 was directed to use 14 halite to move east, but only 6 halite was available
At command 1 of 1:
>>> 1   m 7 e


Turn 113
================================================================
warning: entity 7 was directed to use 15 halite to move south, but only 7 halite was available
At command 1 of 1:
>>> 1   m 7 s


Turn 118
================================================================
warning: entity 7 was directed to use 13 halite to move north, but only 3 halite was available
At command 1 of 1:
>>> 1   m 7 n


Turn 122
================================================================
warning: entity 7 was directed to use 13 halite to move west, but only 7 halite was available
At command 1 of 1:
>>> 1   m 7 w


Turn 127
================================================================
warning: entity 7 was directed to use 10 halite to move north, but only 3 halite was available
At command 1 of 1:
>>> 1   m 7 n


Turn 131
================================================================
warning: entity 7 was directed to use 8 halite to move north, but only 5 halite was available
At command 1 of 1:
>>> 1   m 7 n


Turn 135
================================================================
warning: entity 7 was directed to use 12 halite to move south, but only 2 halite was available
At command 1 of 1:
>>> 1   m 7 s


Turn 140
================================================================
warning: entity 7 was directed to use 15 halite to move north, but only 2 halite was available
At command 1 of 1:
>>> 1   m 7 n


Turn 146
================================================================
warning: entity 7 was directed to use 9 halite to move east, but only 1 halite was available
At command 1 of 1:
>>> 1   m 7 e


Turn 150
================================================================
warning: entity 7 was directed to use 7 halite to move north, but only 5 halite was available
At command 1 of 1:
>>> 1   m 7 n


Turn 154
================================================================
warning: entity 7 was directed to use 8 halite to move north, but only 7 halite was available
At command 1 of 1:
>>> 1   m 7 n


Turn 158
================================================================
warning: entity 7 was directed to use 11 halite to move west, but only 10 halite was available
At command 1 of 1:
>>> 1   m 7 w


Turn 162
================================================================
warning: entity 7 was directed to use 19 halite to move north, but only 15 halite was available
At command 1 of 1:
>>> 1   m 7 n


Turn 168
================================================================
warning: entity 7 was directed to use 9 halite to move west, but only 7 halite was available
At command 1 of 1:
>>> 1   m 7 w


Turn 172
================================================================
warning: entity 7 was directed to use 12 halite to move north, but only 2 halite was available
At command 1 of 1:
>>> 1   m 7 n


Turn 176
================================================================
warning: entity 7 was directed to use 7 halite to move south, but only 1 halite was available
At command 1 of 1:
>>> 1   m 7 s


Turn 178
================================================================
warning: entity 7 was directed to use 21 halite to move east, but only 14 halite was available
At command 1 of 1:
>>> 1   m 7 e


Turn 183
================================================================
warning: entity 7 was directed to use 13 halite to move north, but only 8 halite was available
At command 1 of 1:
>>> 1   m 7 n


Turn 189
================================================================
warning: entity 7 was directed to use 36 halite to move north, but only 2 halite was available
At command 1 of 1:
>>> 1   m 7 n


Turn 195
================================================================
warning: entity 7 was directed to use 46 halite to move east, but only 2 halite was available
At command 1 of 1:
>>> 1   m 7 e


Turn 203
================================================================
warning: entity 7 was directed to use 27 halite to move east, but only 4 halite was available
At command 1 of 1:
>>> 1   m 7 e


Turn 212
================================================================
warning: entity 7 was directed to use 20 halite to move west, but only 3 halite was available
At command 1 of 1:
>>> 1   m 7 w


Turn 215
================================================================
warning: entity 7 was directed to use 35 halite to move west, but only 5 halite was available
At command 1 of 1:
>>> 1   m 7 w


Turn 219
================================================================
warning: entity 7 was directed to use 35 halite to move west, but only 8 halite was available
At command 1 of 1:
>>> 1   m 7 w


Turn 222
================================================================
warning: entity 7 was directed to use 61 halite to move west, but only 10 halite was available
At command 1 of 1:
>>> 1   m 7 w


Turn 226
================================================================
warning: entity 7 was directed to use 41 halite to move east, but only 18 halite was available
At command 1 of 1:
>>> 1   m 7 e


Turn 229
================================================================
warning: entity 7 was directed to use 55 halite to move north, but only 45 halite was available
At command 1 of 1:
>>> 1   m 7 n


Turn 234
================================================================
warning: entity 7 was directed to use 19 halite to move south, but only 4 halite was available
At command 1 of 1:
>>> 1   m 7 s


Turn 238
================================================================
warning: entity 7 was directed to use 17 halite to move east, but only 5 halite was available
At command 1 of 1:
>>> 1   m 7 e


Turn 240
================================================================
warning: entity 7 was directed to use 42 halite to move north, but only 37 halite was available
At command 1 of 1:
>>> 1   m 7 n


Turn 250
================================================================
warning: entity 7 was directed to use 13 halite to move east, but only 3 halite was available
At command 1 of 1:
>>> 1   m 7 e


Turn 253
================================================================
warning: entity 7 was directed to use 14 halite to move west, but only 1 halite was available
At command 1 of 1:
>>> 1   m 7 w


Turn 256
================================================================
warning: entity 7 was directed to use 23 halite to move north, but only 8 halite was available
At command 1 of 1:
>>> 1   m 7 n


Turn 259
================================================================
warning: entity 7 was directed to use 39 halite to move east, but only 11 halite was available
At command 1 of 1:
>>> 1   m 7 e


Turn 265
================================================================
warning: entity 7 was directed to use 31 halite to move west, but only 10 halite was available
At command 1 of 1:
>>> 1   m 7 w


Turn 269
================================================================
warning: entity 7 was directed to use 77 halite to move east, but only 31 halite was available
At command 1 of 1:
>>> 1   m 7 e


Turn 275
================================================================
warning: entity 7 was directed to use 38 halite to move west, but only 14 halite was available
At command 1 of 1:
>>> 1   m 7 w


Turn 278
================================================================
warning: entity 7 was directed to use 41 halite to move north, but only 25 halite was available
At command 1 of 1:
>>> 1   m 7 n


Turn 283
================================================================
warning: entity 7 was directed to use 25 halite to move west, but only 3 halite was available
At command 1 of 1:
>>> 1   m 7 w


Turn 291
================================================================
warning: entity 7 was directed to use 11 halite to move south, but only 2 halite was available
At command 1 of 1:
>>> 1   m 7 s


Turn 293
================================================================
warning: entity 7 was directed to use 24 halite to move west, but only 23 halite was available
At command 1 of 1:
>>> 1   m 7 w


Turn 299
================================================================
warning: entity 7 was directed to use 20 halite to move east, but only 10 halite was available
At command 1 of 1:
>>> 1   m 7 e


Turn 303
================================================================
warning: entity 7 was directed to use 20 halite to move north, but only 18 halite was available
At command 1 of 1:
>>> 1   m 7 n


Turn 309
================================================================
warning: entity 7 was directed to use 15 halite to move north, but only 4 halite was available
At command 1 of 1:
>>> 1   m 7 n


Turn 313
================================================================
warning: entity 7 was directed to use 15 halite to move east, but only 8 halite was available
At command 1 of 1:
>>> 1   m 7 e


Turn 318
================================================================
warning: entity 7 was directed to use 7 halite to move south, but only 5 halite was available
At command 1 of 1:
>>> 1   m 7 s


Turn 322
================================================================
warning: entity 7 was directed to use 8 halite to move west, but only 3 halite was available
At command 1 of 1:
>>> 1   m 7 w


Turn 325
================================================================
warning: entity 7 was directed to use 8 halite to move south, but only 1 halite was available
At command 1 of 1:
>>> 1   m 7 s


Turn 327
================================================================
warning: entity 7 was directed to use 18 halite to move north, but only 17 halite was available
At command 1 of 1:
>>> 1   m 7 n


Turn 334
================================================================
warning: entity 7 was directed to use 11 halite to move south, but only 6 halite was available
At command 1 of 1:
>>> 1   m 7 s


Turn 339
================================================================
warning: entity 7 was directed to use 9 halite to move west, but only 6 halite was available
At command 1 of 1:
>>> 1   m 7 w


Turn 343
================================================================
warning: entity 7 was directed to use 12 halite to move west, but only 0 halite was available
At command 1 of 1:
>>> 1   m 7 w


Turn 346
================================================================
warning: entity 7 was directed to use 9 halite to move south, but only 6 halite was available
At command 1 of 1:
>>> 1   m 7 s


Turn 350
================================================================
warning: entity 7 was directed to use 12 halite to move south, but only 5 halite was available
At command 1 of 1:
>>> 1   m 7 s


Turn 352
================================================================
warning: entity 7 was directed to use 30 halite to move west, but only 29 halite was available
At command 1 of 1:
>>> 1   m 7 w


Turn 357
================================================================
warning: entity 7 was directed to use 22 halite to move east, but only 19 halite was available
At command 1 of 1:
>>> 1   m 7 e


Turn 361
================================================================
warning: entity 7 was directed to use 12 halite to move south, but only 1 halite was available
At command 1 of 1:
>>> 1   m 7 s


Turn 365
================================================================
warning: entity 7 was directed to use 37 halite to move east, but only 0 halite was available
At command 1 of 1:
>>> 1   m 7 e


Turn 369
================================================================
warning: entity 7 was directed to use 33 halite to move south, but only 21 halite was available
At command 1 of 1:
>>> 1   m 7 s


Turn 375
================================================================
warning: entity 7 was directed to use 14 halite to move east, but only 5 halite was available
At command 1 of 1:
>>> 1   m 7 e


Turn 379
================================================================
warning: entity 7 was directed to use 12 halite to move north, but only 4 halite was available
At command 1 of 1:
>>> 1   m 7 n


Turn 381
================================================================
warning: entity 7 was directed to use 29 halite to move north, but only 27 halite was available
At command 1 of 1:
>>> 1   m 7 n


Turn 385
================================================================
warning: entity 7 was directed to use 54 halite to move west, but only 47 halite was available
At command 1 of 1:
>>> 1   m 7 w


Turn 395
================================================================
warning: entity 7 was directed to use 30 halite to move north, but only 9 halite was available
At command 1 of 1:
>>> 1   m 7 n


Turn 399
================================================================
warning: entity 7 was directed to use 36 halite to move west, but only 18 halite was available
At command 1 of 1:
>>> 1   m 7 w

